TN:
SF:src\app\app.component.ts
FNF:0
FNH:0
DA:17,1
DA:18,4
LF:2
LH:2
BRF:0
BRH:0
end_of_record
TN:
SF:src\app\auth.service.ts
FN:34,(anonymous_0)
FN:46,(anonymous_1)
FN:50,(anonymous_2)
FN:53,(anonymous_3)
FN:55,(anonymous_4)
FN:61,(anonymous_5)
FN:71,(anonymous_6)
FN:79,(anonymous_7)
FN:81,(anonymous_8)
FN:85,(anonymous_9)
FN:90,(anonymous_10)
FN:94,(anonymous_11)
FN:106,(anonymous_12)
FN:110,(anonymous_13)
FN:114,(anonymous_14)
FN:120,(anonymous_15)
FN:128,(anonymous_16)
FN:131,(anonymous_17)
FN:145,(anonymous_18)
FN:154,(anonymous_19)
FN:159,(anonymous_20)
FN:165,(anonymous_21)
FN:169,(anonymous_22)
FNF:23
FNH:16
FNDA:15,(anonymous_0)
FNDA:1,(anonymous_1)
FNDA:1,(anonymous_2)
FNDA:0,(anonymous_3)
FNDA:0,(anonymous_4)
FNDA:2,(anonymous_5)
FNDA:1,(anonymous_6)
FNDA:0,(anonymous_7)
FNDA:0,(anonymous_8)
FNDA:2,(anonymous_9)
FNDA:6,(anonymous_10)
FNDA:8,(anonymous_11)
FNDA:2,(anonymous_12)
FNDA:2,(anonymous_13)
FNDA:3,(anonymous_14)
FNDA:1,(anonymous_15)
FNDA:1,(anonymous_16)
FNDA:0,(anonymous_17)
FNDA:1,(anonymous_18)
FNDA:0,(anonymous_19)
FNDA:0,(anonymous_20)
FNDA:2,(anonymous_21)
FNDA:2,(anonymous_22)
DA:25,1
DA:26,15
DA:27,15
DA:28,15
DA:35,15
DA:36,15
DA:38,15
DA:39,15
DA:40,15
DA:41,10
DA:47,1
DA:49,1
DA:51,1
DA:54,0
DA:55,0
DA:62,2
DA:63,2
DA:64,1
DA:65,1
DA:67,1
DA:76,1
DA:80,0
DA:81,0
DA:86,2
DA:87,2
DA:91,6
DA:96,8
DA:100,8
DA:101,8
DA:107,2
DA:111,2
DA:115,3
DA:116,3
DA:117,3
DA:121,1
DA:122,1
DA:123,1
DA:125,0
DA:129,1
DA:130,1
DA:131,0
DA:134,1
DA:146,1
DA:147,1
DA:148,1
DA:155,0
DA:156,0
DA:157,0
DA:159,0
DA:166,2
DA:167,1
DA:169,2
LF:52
LH:42
BRDA:38,0,0,15
BRDA:40,1,0,10
BRDA:63,2,0,1
BRDA:63,3,0,2
BRDA:63,3,1,1
BRDA:81,4,0,0
BRDA:81,4,1,0
BRDA:100,5,0,8
BRDA:116,6,0,3
BRDA:121,7,0,1
BRDA:123,8,0,1
BRDA:123,8,1,0
BRDA:130,9,0,0
BRDA:146,10,0,1
BRDA:156,11,0,0
BRDA:166,12,0,1
BRF:16
BRH:11
end_of_record
TN:
SF:src\app\dashboard\dashboard.component.ts
FN:46,(anonymous_0)
FN:54,(anonymous_1)
FN:56,(anonymous_2)
FN:59,(anonymous_3)
FN:72,(anonymous_4)
FN:88,(anonymous_5)
FN:94,(anonymous_6)
FN:105,(anonymous_7)
FN:107,(anonymous_8)
FN:108,(anonymous_9)
FN:113,(anonymous_10)
FN:120,(anonymous_11)
FN:122,(anonymous_12)
FN:127,(anonymous_13)
FN:134,(anonymous_14)
FN:138,(anonymous_15)
FN:139,(anonymous_16)
FN:142,(anonymous_17)
FN:150,(anonymous_18)
FN:158,(anonymous_19)
FNF:20
FNH:8
FNDA:2,(anonymous_0)
FNDA:2,(anonymous_1)
FNDA:2,(anonymous_2)
FNDA:0,(anonymous_3)
FNDA:0,(anonymous_4)
FNDA:0,(anonymous_5)
FNDA:0,(anonymous_6)
FNDA:0,(anonymous_7)
FNDA:0,(anonymous_8)
FNDA:0,(anonymous_9)
FNDA:0,(anonymous_10)
FNDA:0,(anonymous_11)
FNDA:0,(anonymous_12)
FNDA:0,(anonymous_13)
FNDA:2,(anonymous_14)
FNDA:1,(anonymous_15)
FNDA:2,(anonymous_16)
FNDA:0,(anonymous_17)
FNDA:1,(anonymous_18)
FNDA:1,(anonymous_19)
DA:35,1
DA:36,4
DA:37,4
DA:39,4
DA:40,4
DA:41,4
DA:42,4
DA:43,4
DA:44,4
DA:47,2
DA:48,0
DA:49,0
DA:51,2
DA:55,2
DA:57,2
DA:60,0
DA:61,0
DA:62,0
DA:72,0
DA:73,0
DA:89,0
DA:94,0
DA:95,0
DA:96,0
DA:97,0
DA:99,0
DA:106,0
DA:108,0
DA:109,0
DA:110,0
DA:111,0
DA:114,0
DA:115,0
DA:121,0
DA:123,0
DA:124,0
DA:125,0
DA:128,0
DA:129,0
DA:135,2
DA:136,2
DA:137,1
DA:139,2
DA:140,1
DA:143,0
DA:144,0
DA:151,1
DA:159,1
DA:160,1
DA:163,1
LF:50
LH:22
BRDA:47,0,0,0
BRDA:61,1,0,0
BRDA:61,1,1,0
BRDA:91,2,0,0
BRDA:91,2,1,0
BRDA:95,3,0,0
BRDA:96,4,0,0
BRDA:96,4,1,0
BRDA:136,5,0,1
BRF:9
BRH:1
end_of_record
TN:
SF:src\app\dashboard-user\dashboard-user.component.ts
FN:47,(anonymous_0)
FN:55,(anonymous_1)
FN:57,(anonymous_2)
FN:60,(anonymous_3)
FN:71,(anonymous_4)
FN:72,(anonymous_5)
FN:86,(anonymous_6)
FN:90,(anonymous_7)
FN:97,(anonymous_8)
FN:110,(anonymous_9)
FN:118,(anonymous_10)
FN:119,(anonymous_11)
FNF:12
FNH:7
FNDA:2,(anonymous_0)
FNDA:1,(anonymous_1)
FNDA:1,(anonymous_2)
FNDA:0,(anonymous_3)
FNDA:2,(anonymous_4)
FNDA:1,(anonymous_5)
FNDA:0,(anonymous_6)
FNDA:0,(anonymous_7)
FNDA:0,(anonymous_8)
FNDA:0,(anonymous_9)
FNDA:1,(anonymous_10)
FNDA:2,(anonymous_11)
DA:37,1
DA:38,5
DA:39,5
DA:40,5
DA:42,5
DA:43,5
DA:44,5
DA:45,5
DA:48,2
DA:49,1
DA:50,1
DA:52,1
DA:56,1
DA:58,1
DA:61,0
DA:62,0
DA:72,2
DA:73,2
DA:74,1
DA:75,1
DA:79,1
DA:80,1
DA:87,0
DA:88,0
DA:90,0
DA:92,0
DA:98,0
DA:99,0
DA:102,0
DA:104,0
DA:107,0
DA:111,0
DA:112,0
DA:115,0
DA:119,2
LF:35
LH:21
BRDA:48,0,0,1
BRDA:73,1,0,1
BRDA:73,1,1,1
BRDA:87,2,0,0
BRDA:87,2,1,0
BRDA:98,3,0,0
BRF:6
BRH:3
end_of_record
TN:
SF:src\app\dashboard\product-form\product-form.component.ts
FN:28,(anonymous_0)
FN:47,(anonymous_1)
FN:59,(anonymous_2)
FN:66,(anonymous_3)
FN:74,(anonymous_4)
FNF:5
FNH:3
FNDA:11,(anonymous_0)
FNDA:2,(anonymous_1)
FNDA:1,(anonymous_2)
FNDA:0,(anonymous_3)
FNDA:0,(anonymous_4)
DA:25,1
DA:29,11
DA:30,11
DA:31,11
DA:33,11
DA:42,11
DA:43,1
DA:48,2
DA:49,1
DA:51,1
DA:52,1
DA:53,1
DA:55,1
DA:60,1
DA:67,0
DA:68,0
DA:69,0
DA:71,0
DA:75,0
DA:76,0
DA:77,0
DA:79,0
LF:22
LH:14
BRDA:34,0,0,11
BRDA:34,0,1,10
BRDA:35,1,0,11
BRDA:35,1,1,10
BRDA:36,2,0,11
BRDA:36,2,1,10
BRDA:37,3,0,11
BRDA:37,3,1,10
BRDA:38,4,0,11
BRDA:38,4,1,10
BRDA:39,5,0,11
BRDA:39,5,1,10
BRDA:42,6,0,1
BRDA:48,7,0,1
BRDA:68,8,0,0
BRDA:76,9,0,0
BRF:16
BRH:14
end_of_record
TN:
SF:src\app\login\login.component.ts
FN:54,(anonymous_1)
FN:58,(anonymous_2)
FN:70,(anonymous_3)
FN:85,(anonymous_4)
FN:98,(anonymous_5)
FN:107,(anonymous_6)
FN:112,(anonymous_7)
FN:125,(anonymous_8)
FNF:8
FNH:6
FNDA:12,(anonymous_1)
FNDA:12,(anonymous_2)
FNDA:5,(anonymous_3)
FNDA:5,(anonymous_4)
FNDA:2,(anonymous_5)
FNDA:1,(anonymous_6)
FNDA:0,(anonymous_7)
FNDA:0,(anonymous_8)
DA:39,1
DA:41,12
DA:42,12
DA:45,12
DA:46,12
DA:47,12
DA:49,12
DA:55,12
DA:59,12
DA:71,5
DA:72,5
DA:73,5
DA:74,3
DA:75,3
DA:80,2
DA:81,2
DA:83,5
DA:86,5
DA:88,5
DA:89,5
DA:91,5
DA:92,3
DA:95,2
DA:99,2
DA:100,1
DA:105,1
DA:108,1
DA:109,1
DA:110,1
DA:113,0
DA:126,0
DA:127,0
DA:128,0
DA:134,0
LF:34
LH:29
BRDA:73,0,0,3
BRDA:73,0,1,2
BRDA:86,1,0,0
BRDA:91,2,0,3
BRDA:91,3,0,5
BRDA:91,3,1,2
BRDA:95,4,0,1
BRDA:95,4,1,1
BRDA:99,5,0,1
BRDA:114,6,0,0
BRDA:114,6,1,0
BRDA:127,7,0,0
BRDA:127,7,1,0
BRDA:127,8,0,0
BRDA:127,8,1,0
BRF:15
BRH:8
end_of_record
TN:
SF:src\app\services\producto.service.ts
FN:25,(anonymous_0)
FN:27,(anonymous_1)
FN:29,(anonymous_2)
FN:33,(anonymous_3)
FN:38,(anonymous_4)
FN:42,(anonymous_5)
FN:46,(anonymous_6)
FN:60,(anonymous_7)
FN:63,(anonymous_8)
FN:67,(anonymous_9)
FNF:10
FNH:8
FNDA:8,(anonymous_0)
FNDA:1,(anonymous_1)
FNDA:0,(anonymous_2)
FNDA:0,(anonymous_3)
FNDA:1,(anonymous_4)
FNDA:1,(anonymous_5)
FNDA:1,(anonymous_6)
FNDA:1,(anonymous_7)
FNDA:1,(anonymous_8)
FNDA:1,(anonymous_9)
DA:22,1
DA:23,8
DA:25,8
DA:28,1
DA:30,0
DA:31,0
DA:33,0
DA:39,1
DA:43,1
DA:47,1
DA:57,1
DA:61,1
DA:64,1
DA:68,1
LF:14
LH:11
BRDA:30,0,0,0
BRDA:53,1,0,1
BRDA:53,1,1,0
BRDA:54,2,0,1
BRDA:54,2,1,1
BRF:5
BRH:3
end_of_record
